#
# There is insufficient memory for the Java Runtime Environment to continue.
# Cannot create GC thread. Out of system resources.
# Possible reasons:
#   The system is out of physical RAM or swap space
#   In 32 bit mode, the process size limit was hit
# Possible solutions:
#   Reduce memory load on the system
#   Increase physical memory or swap space
#   Check if swap backing store is full
#   Use 64 bit Java on a 64 bit OS
#   Decrease Java heap size (-Xmx/-Xms)
#   Decrease number of Java threads
#   Decrease Java thread stack sizes (-Xss)
#   Set larger code cache with -XX:ReservedCodeCacheSize=
# This output file may be truncated or incomplete.
#
#  Out of Memory Error (gcTaskThread.cpp:46), pid=17926, tid=139887640119040
#
# JRE version:  (7.0_101) (build )
# Java VM: OpenJDK 64-Bit Server VM (24.95-b01 mixed mode linux-amd64 compressed oops)
# Derivative: IcedTea 2.6.6
# Distribution: Ubuntu 14.04 LTS, package 7u101-2.6.6-0ubuntu0.14.04.1
# Failed to write core dump. Core dumps have been disabled. To enable core dumping, try "ulimit -c unlimited" before starting Java again
#

---------------  T H R E A D  ---------------

Current thread (0x00007f3a1800a000):  JavaThread "Unknown thread" [_thread_in_vm, id=17927, stack(0x00007f3a21090000,0x00007f3a21191000)]

Stack: [0x00007f3a21090000,0x00007f3a21191000],  sp=0x00007f3a2118f740,  free space=1021k
Native frames: (J=compiled Java code, j=interpreted, Vv=VM code, C=native code)
V  [libjvm.so+0x955705]
V  [libjvm.so+0x490c44]
V  [libjvm.so+0x54bdea]
V  [libjvm.so+0x54b09f]
V  [libjvm.so+0x7f2534]
V  [libjvm.so+0x9260f7]
V  [libjvm.so+0x926427]
V  [libjvm.so+0x5a3dc5]
V  [libjvm.so+0x90be4f]
V  [libjvm.so+0x60fb54]  JNI_CreateJavaVM+0x54
C  [libjli.so+0x2b48]


---------------  P R O C E S S  ---------------

Java Threads: ( => current thread )

Other Threads:

=>0x00007f3a1800a000 (exited) JavaThread "Unknown thread" [_thread_in_vm, id=17927, stack(0x00007f3a21090000,0x00007f3a21191000)]

VM state:not at safepoint (not fully initialized)

VM Mutex/Monitor currently owned by a thread: None

GC Heap History (0 events):
No events

Deoptimization events (0 events):
No events

Internal exceptions (0 events):
No events

Events (0 events):
No events


Dynamic libraries:
00400000-00401000 r-xp 00000000 fc:01 15073932                           /usr/lib/jvm/java-7-openjdk-amd64/bin/javac
00600000-00601000 r--p 00000000 fc:01 15073932                           /usr/lib/jvm/java-7-openjdk-amd64/bin/javac
00601000-00602000 rw-p 00001000 fc:01 15073932                           /usr/lib/jvm/java-7-openjdk-amd64/bin/javac
01e03000-01e24000 rw-p 00000000 00:00 0                                  [heap]
b8a00000-b9f00000 rw-p 00000000 00:00 0 
b9f00000-c3000000 rw-p 00000000 00:00 0 
c3000000-c3580000 rw-p 00000000 00:00 0 
c3580000-eba80000 rw-p 00000000 00:00 0 
eba80000-ebe80000 rw-p 00000000 00:00 0 
ebe80000-100000000 rw-p 00000000 00:00 0 
7f3a15000000-7f3a15270000 rwxp 00000000 00:00 0 
7f3a15270000-7f3a1802c000 rw-p 00000000 00:00 0 
7f3a1802c000-7f3a1c000000 ---p 00000000 00:00 0 
7f3a1d5f4000-7f3a1d5f5000 ---p 00000000 00:00 0 
7f3a1d5f5000-7f3a1d6f5000 rw-p 00000000 00:00 0 
7f3a1d6f5000-7f3a1d6f6000 ---p 00000000 00:00 0 
7f3a1d6f6000-7f3a1d7f6000 rw-p 00000000 00:00 0                          [stack:17929]
7f3a1d7f6000-7f3a1d7f7000 ---p 00000000 00:00 0 
7f3a1d7f7000-7f3a1d902000 rw-p 00000000 00:00 0                          [stack:17928]
7f3a1d902000-7f3a1d94a000 rw-p 00000000 00:00 0 
7f3a1d94a000-7f3a1d94d000 rw-p 00000000 00:00 0 
7f3a1d94d000-7f3a1da90000 rw-p 00000000 00:00 0 
7f3a1da90000-7f3a1da9b000 rw-p 00000000 00:00 0 
7f3a1da9b000-7f3a1dae3000 rw-p 00000000 00:00 0 
7f3a1dae3000-7f3a1dae6000 rw-p 00000000 00:00 0 
7f3a1dae6000-7f3a1dc28000 rw-p 00000000 00:00 0 
7f3a1dc28000-7f3a1dc2b000 rw-p 00000000 00:00 0 
7f3a1dc2b000-7f3a1dccb000 rw-p 00000000 00:00 0 
7f3a1dccb000-7f3a1dccc000 rw-p 00000000 00:00 0 
7f3a1dccc000-7f3a1dcd4000 r-xp 00000000 fc:01 15075511                   /usr/lib/jvm/java-7-openjdk-amd64/jre/lib/amd64/libzip.so
7f3a1dcd4000-7f3a1ded3000 ---p 00008000 fc:01 15075511                   /usr/lib/jvm/java-7-openjdk-amd64/jre/lib/amd64/libzip.so
7f3a1ded3000-7f3a1ded4000 r--p 00007000 fc:01 15075511                   /usr/lib/jvm/java-7-openjdk-amd64/jre/lib/amd64/libzip.so
7f3a1ded4000-7f3a1ded5000 rw-p 00008000 fc:01 15075511                   /usr/lib/jvm/java-7-openjdk-amd64/jre/lib/amd64/libzip.so
7f3a1ded5000-7f3a1dee0000 r-xp 00000000 fc:01 7081821                    /lib/x86_64-linux-gnu/libnss_files-2.19.so
7f3a1dee0000-7f3a1e0df000 ---p 0000b000 fc:01 7081821                    /lib/x86_64-linux-gnu/libnss_files-2.19.so
7f3a1e0df000-7f3a1e0e0000 r--p 0000a000 fc:01 7081821                    /lib/x86_64-linux-gnu/libnss_files-2.19.so
7f3a1e0e0000-7f3a1e0e1000 rw-p 0000b000 fc:01 7081821                    /lib/x86_64-linux-gnu/libnss_files-2.19.so
7f3a1e0e1000-7f3a1e0ec000 r-xp 00000000 fc:01 7082155                    /lib/x86_64-linux-gnu/libnss_nis-2.19.so
7f3a1e0ec000-7f3a1e2eb000 ---p 0000b000 fc:01 7082155                    /lib/x86_64-linux-gnu/libnss_nis-2.19.so
7f3a1e2eb000-7f3a1e2ec000 r--p 0000a000 fc:01 7082155                    /lib/x86_64-linux-gnu/libnss_nis-2.19.so
7f3a1e2ec000-7f3a1e2ed000 rw-p 0000b000 fc:01 7082155                    /lib/x86_64-linux-gnu/libnss_nis-2.19.so
7f3a1e2ed000-7f3a1e304000 r-xp 00000000 fc:01 7081964                    /lib/x86_64-linux-gnu/libnsl-2.19.so
7f3a1e304000-7f3a1e503000 ---p 00017000 fc:01 7081964                    /lib/x86_64-linux-gnu/libnsl-2.19.so
7f3a1e503000-7f3a1e504000 r--p 00016000 fc:01 7081964                    /lib/x86_64-linux-gnu/libnsl-2.19.so
7f3a1e504000-7f3a1e505000 rw-p 00017000 fc:01 7081964                    /lib/x86_64-linux-gnu/libnsl-2.19.so
7f3a1e505000-7f3a1e507000 rw-p 00000000 00:00 0 
7f3a1e507000-7f3a1e510000 r-xp 00000000 fc:01 7081892                    /lib/x86_64-linux-gnu/libnss_compat-2.19.so
7f3a1e510000-7f3a1e70f000 ---p 00009000 fc:01 7081892                    /lib/x86_64-linux-gnu/libnss_compat-2.19.so
7f3a1e70f000-7f3a1e710000 r--p 00008000 fc:01 7081892                    /lib/x86_64-linux-gnu/libnss_compat-2.19.so
7f3a1e710000-7f3a1e711000 rw-p 00009000 fc:01 7081892                    /lib/x86_64-linux-gnu/libnss_compat-2.19.so
7f3a1e711000-7f3a1e73c000 r-xp 00000000 fc:01 15075343                   /usr/lib/jvm/java-7-openjdk-amd64/jre/lib/amd64/libjava.so
7f3a1e73c000-7f3a1e93c000 ---p 0002b000 fc:01 15075343                   /usr/lib/jvm/java-7-openjdk-amd64/jre/lib/amd64/libjava.so
7f3a1e93c000-7f3a1e93d000 r--p 0002b000 fc:01 15075343                   /usr/lib/jvm/java-7-openjdk-amd64/jre/lib/amd64/libjava.so
7f3a1e93d000-7f3a1e93f000 rw-p 0002c000 fc:01 15075343                   /usr/lib/jvm/java-7-openjdk-amd64/jre/lib/amd64/libjava.so
7f3a1e93f000-7f3a1e94f000 r-xp 00000000 fc:01 15075494                   /usr/lib/jvm/java-7-openjdk-amd64/jre/lib/amd64/libverify.so
7f3a1e94f000-7f3a1eb4e000 ---p 00010000 fc:01 15075494                   /usr/lib/jvm/java-7-openjdk-amd64/jre/lib/amd64/libverify.so
7f3a1eb4e000-7f3a1eb50000 r--p 0000f000 fc:01 15075494                   /usr/lib/jvm/java-7-openjdk-amd64/jre/lib/amd64/libverify.so
7f3a1eb50000-7f3a1eb51000 rw-p 00011000 fc:01 15075494                   /usr/lib/jvm/java-7-openjdk-amd64/jre/lib/amd64/libverify.so
7f3a1eb51000-7f3a1eb58000 r-xp 00000000 fc:01 7082152                    /lib/x86_64-linux-gnu/librt-2.19.so
7f3a1eb58000-7f3a1ed57000 ---p 00007000 fc:01 7082152                    /lib/x86_64-linux-gnu/librt-2.19.so
7f3a1ed57000-7f3a1ed58000 r--p 00006000 fc:01 7082152                    /lib/x86_64-linux-gnu/librt-2.19.so
7f3a1ed58000-7f3a1ed59000 rw-p 00007000 fc:01 7082152                    /lib/x86_64-linux-gnu/librt-2.19.so
7f3a1ed59000-7f3a1ed6f000 r-xp 00000000 fc:01 7081838                    /lib/x86_64-linux-gnu/libgcc_s.so.1
7f3a1ed6f000-7f3a1ef6e000 ---p 00016000 fc:01 7081838                    /lib/x86_64-linux-gnu/libgcc_s.so.1
7f3a1ef6e000-7f3a1ef6f000 rw-p 00015000 fc:01 7081838                    /lib/x86_64-linux-gnu/libgcc_s.so.1
7f3a1ef6f000-7f3a1f074000 r-xp 00000000 fc:01 7081817                    /lib/x86_64-linux-gnu/libm-2.19.so
7f3a1f074000-7f3a1f273000 ---p 00105000 fc:01 7081817                    /lib/x86_64-linux-gnu/libm-2.19.so
7f3a1f273000-7f3a1f274000 r--p 00104000 fc:01 7081817                    /lib/x86_64-linux-gnu/libm-2.19.so
7f3a1f274000-7f3a1f275000 rw-p 00105000 fc:01 7081817                    /lib/x86_64-linux-gnu/libm-2.19.so
7f3a1f275000-7f3a1f35b000 r-xp 00000000 fc:01 13763899                   /usr/lib/x86_64-linux-gnu/libstdc++.so.6.0.19
7f3a1f35b000-7f3a1f55a000 ---p 000e6000 fc:01 13763899                   /usr/lib/x86_64-linux-gnu/libstdc++.so.6.0.19
7f3a1f55a000-7f3a1f562000 r--p 000e5000 fc:01 13763899                   /usr/lib/x86_64-linux-gnu/libstdc++.so.6.0.19
7f3a1f562000-7f3a1f564000 rw-p 000ed000 fc:01 13763899                   /usr/lib/x86_64-linux-gnu/libstdc++.so.6.0.19
7f3a1f564000-7f3a1f579000 rw-p 00000000 00:00 0 
7f3a1f579000-7f3a2009e000 r-xp 00000000 fc:01 15075509                   /usr/lib/jvm/java-7-openjdk-amd64/jre/lib/amd64/server/libjvm.so
7f3a2009e000-7f3a2029e000 ---p 00b25000 fc:01 15075509                   /usr/lib/jvm/java-7-openjdk-amd64/jre/lib/amd64/server/libjvm.so
7f3a2029e000-7f3a20338000 r--p 00b25000 fc:01 15075509                   /usr/lib/jvm/java-7-openjdk-amd64/jre/lib/amd64/server/libjvm.so
7f3a20338000-7f3a2035b000 rw-p 00bbf000 fc:01 15075509                   /usr/lib/jvm/java-7-openjdk-amd64/jre/lib/amd64/server/libjvm.so
7f3a2035b000-7f3a2038a000 rw-p 00000000 00:00 0 
7f3a2038a000-7f3a203a2000 r-xp 00000000 fc:01 7082024                    /lib/x86_64-linux-gnu/libz.so.1.2.8
7f3a203a2000-7f3a205a1000 ---p 00018000 fc:01 7082024                    /lib/x86_64-linux-gnu/libz.so.1.2.8
7f3a205a1000-7f3a205a2000 r--p 00017000 fc:01 7082024                    /lib/x86_64-linux-gnu/libz.so.1.2.8
7f3a205a2000-7f3a205a3000 rw-p 00018000 fc:01 7082024                    /lib/x86_64-linux-gnu/libz.so.1.2.8
7f3a205a3000-7f3a205bc000 r-xp 00000000 fc:01 7082150                    /lib/x86_64-linux-gnu/libpthread-2.19.so
7f3a205bc000-7f3a207bb000 ---p 00019000 fc:01 7082150                    /lib/x86_64-linux-gnu/libpthread-2.19.so
7f3a207bb000-7f3a207bc000 r--p 00018000 fc:01 7082150                    /lib/x86_64-linux-gnu/libpthread-2.19.so
7f3a207bc000-7f3a207bd000 rw-p 00019000 fc:01 7082150                    /lib/x86_64-linux-gnu/libpthread-2.19.so
7f3a207bd000-7f3a207c1000 rw-p 00000000 00:00 0 
7f3a207c1000-7f3a207c4000 r-xp 00000000 fc:01 7081830                    /lib/x86_64-linux-gnu/libdl-2.19.so
7f3a207c4000-7f3a209c3000 ---p 00003000 fc:01 7081830                    /lib/x86_64-linux-gnu/libdl-2.19.so
7f3a209c3000-7f3a209c4000 r--p 00002000 fc:01 7081830                    /lib/x86_64-linux-gnu/libdl-2.19.so
7f3a209c4000-7f3a209c5000 rw-p 00003000 fc:01 7081830                    /lib/x86_64-linux-gnu/libdl-2.19.so
7f3a209c5000-7f3a20b80000 r-xp 00000000 fc:01 7082149                    /lib/x86_64-linux-gnu/libc-2.19.so
7f3a20b80000-7f3a20d7f000 ---p 001bb000 fc:01 7082149                    /lib/x86_64-linux-gnu/libc-2.19.so
7f3a20d7f000-7f3a20d83000 r--p 001ba000 fc:01 7082149                    /lib/x86_64-linux-gnu/libc-2.19.so
7f3a20d83000-7f3a20d85000 rw-p 001be000 fc:01 7082149                    /lib/x86_64-linux-gnu/libc-2.19.so
7f3a20d85000-7f3a20d8a000 rw-p 00000000 00:00 0 
7f3a20d8a000-7f3a20d97000 r-xp 00000000 fc:01 15075524                   /usr/lib/jvm/java-7-openjdk-amd64/jre/lib/amd64/jli/libjli.so
7f3a20d97000-7f3a20f96000 ---p 0000d000 fc:01 15075524                   /usr/lib/jvm/java-7-openjdk-amd64/jre/lib/amd64/jli/libjli.so
7f3a20f96000-7f3a20f97000 r--p 0000c000 fc:01 15075524                   /usr/lib/jvm/java-7-openjdk-amd64/jre/lib/amd64/jli/libjli.so
7f3a20f97000-7f3a20f98000 rw-p 0000d000 fc:01 15075524                   /usr/lib/jvm/java-7-openjdk-amd64/jre/lib/amd64/jli/libjli.so
7f3a20f98000-7f3a20fbb000 r-xp 00000000 fc:01 7082008                    /lib/x86_64-linux-gnu/ld-2.19.so
7f3a20fd0000-7f3a20fda000 rw-p 00000000 00:00 0 
7f3a20fda000-7f3a21090000 rw-p 00000000 00:00 0 
7f3a21090000-7f3a21093000 ---p 00000000 00:00 0 
7f3a21093000-7f3a21196000 rw-p 00000000 00:00 0                          [stack:17927]
7f3a211ac000-7f3a211ae000 rw-p 00000000 00:00 0 
7f3a211ae000-7f3a211b6000 rw-s 00000000 fc:01 17828399                   /tmp/hsperfdata_hadoop/17926
7f3a211b6000-7f3a211b7000 rw-p 00000000 00:00 0 
7f3a211b7000-7f3a211b8000 r--p 00000000 00:00 0 
7f3a211b8000-7f3a211ba000 rw-p 00000000 00:00 0 
7f3a211ba000-7f3a211bb000 r--p 00022000 fc:01 7082008                    /lib/x86_64-linux-gnu/ld-2.19.so
7f3a211bb000-7f3a211bc000 rw-p 00023000 fc:01 7082008                    /lib/x86_64-linux-gnu/ld-2.19.so
7f3a211bc000-7f3a211bd000 rw-p 00000000 00:00 0 
7fff0eef7000-7fff0ef18000 rw-p 00000000 00:00 0                          [stack]
7fff0efae000-7fff0efb0000 r-xp 00000000 00:00 0                          [vdso]
7fff0efb0000-7fff0efb2000 r--p 00000000 00:00 0                          [vvar]
ffffffffff600000-ffffffffff601000 r-xp 00000000 00:00 0                  [vsyscall]

VM Arguments:
jvm_args: -Denv.class.path=:/usr/share/java/mysql-connector-java.jar:/usr/share/java/mysql-connector-java.jar -Dapplication.home=/usr/lib/jvm/java-7-openjdk-amd64 -Xms8m 
java_command: com.sun.tools.javac.Main MaxTemperatureMapper.java
Launcher Type: SUN_STANDARD

Environment Variables:
JAVA_HOME=/usr/lib/jvm/java-7-openjdk-amd64
CLASSPATH=:/usr/share/java/mysql-connector-java.jar:/usr/share/java/mysql-connector-java.jar
PATH=/usr/local/sbin:/usr/local/bin:/usr/sbin:/usr/bin:/sbin:/bin:/usr/games:/usr/local/games
SHELL=/bin/bash
DISPLAY=:0

Signal Handlers:
SIGSEGV: [libjvm.so+0x9561e0], sa_mask[0]=0x7ffbfeff, sa_flags=0x10000004
SIGBUS: [libjvm.so+0x9561e0], sa_mask[0]=0x7ffbfeff, sa_flags=0x10000004
SIGFPE: [libjvm.so+0x7cc4d0], sa_mask[0]=0x7ffbfeff, sa_flags=0x10000004
SIGPIPE: [libjvm.so+0x7cc4d0], sa_mask[0]=0x7ffbfeff, sa_flags=0x10000004
SIGXFSZ: [libjvm.so+0x7cc4d0], sa_mask[0]=0x7ffbfeff, sa_flags=0x10000004
SIGILL: [libjvm.so+0x7cc4d0], sa_mask[0]=0x7ffbfeff, sa_flags=0x10000004
SIGUSR1: SIG_DFL, sa_mask[0]=0x00000000, sa_flags=0x00000000
SIGUSR2: [libjvm.so+0x7cc370], sa_mask[0]=0x00000000, sa_flags=0x10000004
SIGHUP: SIG_DFL, sa_mask[0]=0x00000000, sa_flags=0x00000000
SIGINT: SIG_DFL, sa_mask[0]=0x00000000, sa_flags=0x00000000
SIGTERM: SIG_DFL, sa_mask[0]=0x00000000, sa_flags=0x00000000
SIGQUIT: SIG_DFL, sa_mask[0]=0x00000000, sa_flags=0x00000000
SIGTRAP: SIG_DFL, sa_mask[0]=0x00000000, sa_flags=0x00000000


---------------  S Y S T E M  ---------------

OS:Ubuntu 14.04 (trusty)
uname:Linux 3.16.0-59-generic #79~14.04.1-Ubuntu SMP Mon Jan 18 15:41:27 UTC 2016 x86_64
libc:glibc 2.19 NPTL 2.19 
rlimit: STACK 8192k, CORE 0k, NPROC 256, NOFILE 4096, AS infinity
load average:0.09 0.08 0.06

/proc/meminfo:
MemTotal:        3989724 kB
MemFree:         2150464 kB
MemAvailable:    2698004 kB
Buffers:           77524 kB
Cached:           755892 kB
SwapCached:        80316 kB
Active:          1223672 kB
Inactive:         415780 kB
Active(anon):     791608 kB
Inactive(anon):   161516 kB
Active(file):     432064 kB
Inactive(file):   254264 kB
Unevictable:           0 kB
Mlocked:               0 kB
SwapTotal:       4132860 kB
SwapFree:        3949460 kB
Dirty:                48 kB
Writeback:             0 kB
AnonPages:        725756 kB
Mapped:           327820 kB
Shmem:            147064 kB
Slab:              91416 kB
SReclaimable:      60296 kB
SUnreclaim:        31120 kB
KernelStack:        7456 kB
PageTables:        28824 kB
NFS_Unstable:          0 kB
Bounce:                0 kB
WritebackTmp:          0 kB
CommitLimit:     6127720 kB
Committed_AS:    3988544 kB
VmallocTotal:   34359738367 kB
VmallocUsed:      360764 kB
VmallocChunk:   34359337056 kB
HardwareCorrupted:     0 kB
AnonHugePages:    268288 kB
HugePages_Total:       0
HugePages_Free:        0
HugePages_Rsvd:        0
HugePages_Surp:        0
Hugepagesize:       2048 kB
DirectMap4k:       76032 kB
DirectMap2M:     4061184 kB


CPU:total 4 (2 cores per cpu, 2 threads per core) family 6 model 42 stepping 7, cmov, cx8, fxsr, mmx, sse, sse2, sse3, ssse3, sse4.1, sse4.2, popcnt, avx, aes, ht, tsc, tscinvbit

/proc/cpuinfo:
processor	: 0
vendor_id	: GenuineIntel
cpu family	: 6
model		: 42
model name	: Intel(R) Core(TM) i5-2450M CPU @ 2.50GHz
stepping	: 7
microcode	: 0x17
cpu MHz		: 929.101
cache size	: 3072 KB
physical id	: 0
siblings	: 4
core id		: 0
cpu cores	: 2
apicid		: 0
initial apicid	: 0
fpu		: yes
fpu_exception	: yes
cpuid level	: 13
wp		: yes
flags		: fpu vme de pse tsc msr pae mce cx8 apic sep mtrr pge mca cmov pat pse36 clflush dts acpi mmx fxsr sse sse2 ss ht tm pbe syscall nx rdtscp lm constant_tsc arch_perfmon pebs bts rep_good nopl xtopology nonstop_tsc aperfmperf eagerfpu pni pclmulqdq dtes64 monitor ds_cpl vmx est tm2 ssse3 cx16 xtpr pdcm pcid sse4_1 sse4_2 x2apic popcnt tsc_deadline_timer aes xsave avx lahf_lm ida arat epb xsaveopt pln pts dtherm tpr_shadow vnmi flexpriority ept vpid
bogomips	: 4989.04
clflush size	: 64
cache_alignment	: 64
address sizes	: 36 bits physical, 48 bits virtual
power management:

processor	: 1
vendor_id	: GenuineIntel
cpu family	: 6
model		: 42
model name	: Intel(R) Core(TM) i5-2450M CPU @ 2.50GHz
stepping	: 7
microcode	: 0x17
cpu MHz		: 841.699
cache size	: 3072 KB
physical id	: 0
siblings	: 4
core id		: 0
cpu cores	: 2
apicid		: 1
initial apicid	: 1
fpu		: yes
fpu_exception	: yes
cpuid level	: 13
wp		: yes
flags		: fpu vme de pse tsc msr pae mce cx8 apic sep mtrr pge mca cmov pat pse36 clflush dts acpi mmx fxsr sse sse2 ss ht tm pbe syscall nx rdtscp lm constant_tsc arch_perfmon pebs bts rep_good nopl xtopology nonstop_tsc aperfmperf eagerfpu pni pclmulqdq dtes64 monitor ds_cpl vmx est tm2 ssse3 cx16 xtpr pdcm pcid sse4_1 sse4_2 x2apic popcnt tsc_deadline_timer aes xsave avx lahf_lm ida arat epb xsaveopt pln pts dtherm tpr_shadow vnmi flexpriority ept vpid
bogomips	: 4989.04
clflush size	: 64
cache_alignment	: 64
address sizes	: 36 bits physical, 48 bits virtual
power management:

processor	: 2
vendor_id	: GenuineIntel
cpu family	: 6
model		: 42
model name	: Intel(R) Core(TM) i5-2450M CPU @ 2.50GHz
stepping	: 7
microcode	: 0x17
cpu MHz		: 896.875
cache size	: 3072 KB
physical id	: 0
siblings	: 4
core id		: 1
cpu cores	: 2
apicid		: 2
initial apicid	: 2
fpu		: yes
fpu_exception	: yes
cpuid level	: 13
wp		: yes
flags		: fpu vme de pse tsc msr pae mce cx8 apic sep mtrr pge mca cmov pat pse36 clflush dts acpi mmx fxsr sse sse2 ss ht tm pbe syscall nx rdtscp lm constant_tsc arch_perfmon pebs bts rep_good nopl xtopology nonstop_tsc aperfmperf eagerfpu pni pclmulqdq dtes64 monitor ds_cpl vmx est tm2 ssse3 cx16 xtpr pdcm pcid sse4_1 sse4_2 x2apic popcnt tsc_deadline_timer aes xsave avx lahf_lm ida arat epb xsaveopt pln pts dtherm tpr_shadow vnmi flexpriority ept vpid
bogomips	: 4989.04
clflush size	: 64
cache_alignment	: 64
address sizes	: 36 bits physical, 48 bits virtual
power management:

processor	: 3
vendor_id	: GenuineIntel
cpu family	: 6
model		: 42
model name	: Intel(R) Core(TM) i5-2450M CPU @ 2.50GHz
stepping	: 7
microcode	: 0x17
cpu MHz		: 896.777
cache size	: 3072 KB
physical id	: 0
siblings	: 4
core id		: 1
cpu cores	: 2
apicid		: 3
initial apicid	: 3
fpu		: yes
fpu_exception	: yes
cpuid level	: 13
wp		: yes
flags		: fpu vme de pse tsc msr pae mce cx8 apic sep mtrr pge mca cmov pat pse36 clflush dts acpi mmx fxsr sse sse2 ss ht tm pbe syscall nx rdtscp lm constant_tsc arch_perfmon pebs bts rep_good nopl xtopology nonstop_tsc aperfmperf eagerfpu pni pclmulqdq dtes64 monitor ds_cpl vmx est tm2 ssse3 cx16 xtpr pdcm pcid sse4_1 sse4_2 x2apic popcnt tsc_deadline_timer aes xsave avx lahf_lm ida arat epb xsaveopt pln pts dtherm tpr_shadow vnmi flexpriority ept vpid
bogomips	: 4989.04
clflush size	: 64
cache_alignment	: 64
address sizes	: 36 bits physical, 48 bits virtual
power management:



Memory: 4k page, physical 3989724k(2150464k free), swap 4132860k(3949460k free)

vm_info: OpenJDK 64-Bit Server VM (24.95-b01) for linux-amd64 JRE (1.7.0_101-b00), built on Apr 24 2016 20:39:29 by "buildd" with gcc 4.8.2

time: Sat May 21 09:16:23 2016
elapsed time: 0 seconds

